<?xml version="1.0" encoding="UTF-8"?>
<testng-results ignored="0" total="1" passed="1" failed="0" skipped="0">
  <reporter-output>
  </reporter-output>
  <suite started-at="2019-12-03T14:57:48Z" name="Default suite" finished-at="2019-12-03T14:58:03Z" duration-ms="14748">
    <groups>
    </groups>
    <test started-at="2019-12-03T14:57:48Z" name="Default test" finished-at="2019-12-03T14:58:03Z" duration-ms="14748">
      <class name="accommodations.BookingTest4">
        <test-method is-config="true" signature="startBrowser()[pri:0, instance:accommodations.BookingTest4@3bd40a57]" started-at="2019-12-03T14:57:48Z" name="startBrowser" description="Start browser!" finished-at="2019-12-03T14:57:55Z" duration-ms="7002" status="PASS">
          <reporter-output>
          </reporter-output>
        </test-method> <!-- startBrowser -->
        <test-method is-config="true" signature="addImplicitly()[pri:0, instance:accommodations.BookingTest4@3bd40a57]" started-at="2019-12-03T14:57:55Z" name="addImplicitly" description="Add implicite wait and maximize window" finished-at="2019-12-03T14:57:55Z" depends-on-methods="accommodations.BookingTest4.startBrowser" duration-ms="286" status="PASS">
          <reporter-output>
          </reporter-output>
        </test-method> <!-- addImplicitly -->
        <test-method signature="LateReservation()[pri:0, instance:accommodations.BookingTest4@3bd40a57]" started-at="2019-12-03T14:57:55Z" name="LateReservation" description="Найти на 2 дня с 31 декабря по 1 января на двоих 1 и более занятых варианта проживания" finished-at="2019-12-03T14:58:00Z" duration-ms="4834" status="PASS">
          <reporter-output>
          </reporter-output>
        </test-method> <!-- LateReservation -->
        <test-method is-config="true" signature="stopBrowser()[pri:0, instance:accommodations.BookingTest4@3bd40a57]" started-at="2019-12-03T14:58:00Z" name="stopBrowser" description="Stop Browser" finished-at="2019-12-03T14:58:03Z" duration-ms="2606" status="PASS">
          <reporter-output>
          </reporter-output>
        </test-method> <!-- stopBrowser -->
      </class> <!-- accommodations.BookingTest4 -->
    </test> <!-- Default test -->
  </suite> <!-- Default suite -->
</testng-results>
