<?xml version="1.0" encoding="UTF-8"?>
<testng-results ignored="0" total="1" passed="1" failed="0" skipped="0">
  <reporter-output>
  </reporter-output>
  <suite started-at="2019-12-03T14:02:49Z" name="Default suite" finished-at="2019-12-03T14:03:14Z" duration-ms="24839">
    <groups>
    </groups>
    <test started-at="2019-12-03T14:02:49Z" name="Default test" finished-at="2019-12-03T14:03:14Z" duration-ms="24839">
      <class name="accommodations.BookingTest2">
        <test-method is-config="true" signature="startBrowser()[pri:0, instance:accommodations.BookingTest2@3bd40a57]" started-at="2019-12-03T14:02:49Z" name="startBrowser" description="Start browser!" finished-at="2019-12-03T14:02:56Z" duration-ms="6701" status="PASS">
          <reporter-output>
          </reporter-output>
        </test-method> <!-- startBrowser -->
        <test-method is-config="true" signature="addImplicitly()[pri:0, instance:accommodations.BookingTest2@3bd40a57]" started-at="2019-12-03T14:02:56Z" name="addImplicitly" description="Add implicite wait and maximize window" finished-at="2019-12-03T14:02:56Z" depends-on-methods="accommodations.BookingTest2.startBrowser" duration-ms="304" status="PASS">
          <reporter-output>
          </reporter-output>
        </test-method> <!-- addImplicitly -->
        <test-method signature="AccomodationRoom()[pri:0, instance:accommodations.BookingTest2@3bd40a57]" started-at="2019-12-03T14:02:56Z" name="AccomodationRoom" description="Найти как минимум 5 вариантов проживания с 3 свободными номерами в Клайпеде на неделю на 4 взрослых и ребенка." finished-at="2019-12-03T14:03:10Z" duration-ms="14131" status="PASS">
          <reporter-output>
          </reporter-output>
        </test-method> <!-- AccomodationRoom -->
        <test-method is-config="true" signature="stopBrowser()[pri:0, instance:accommodations.BookingTest2@3bd40a57]" started-at="2019-12-03T14:03:10Z" name="stopBrowser" description="Stop Browser" finished-at="2019-12-03T14:03:14Z" duration-ms="3685" status="PASS">
          <reporter-output>
          </reporter-output>
        </test-method> <!-- stopBrowser -->
      </class> <!-- accommodations.BookingTest2 -->
    </test> <!-- Default test -->
  </suite> <!-- Default suite -->
</testng-results>
